<?xml version="1.0" encoding="UTF-8"?>
<!-- Generated by org.testng.reporters.JUnitReportReporter -->
<testsuite name="com.RedBus.Test.LoginTest" tests="1" time="83.200" ignored="0" failures="0" timestamp="07 Feb 2020 14:26:09 GMT" skipped="0" hostname="RAJAREDDY-PC" errors="0">
  <testcase name="test" time="83.200" classname="com.RedBus.Test.LoginTest"/>
</testsuite> <!-- com.RedBus.Test.LoginTest -->
