<?xml version="1.0" encoding="UTF-8"?>
<!-- Generated by org.testng.reporters.JUnitReportReporter -->
<testsuite name="com.RedBus.Test.LoginTest" tests="1" time="182.499" ignored="0" failures="0" timestamp="20 Feb 2020 13:47:24 GMT" skipped="0" hostname="RAJAREDDY-PC" errors="0">
  <testcase name="test" time="182.499" classname="com.RedBus.Test.LoginTest"/>
</testsuite> <!-- com.RedBus.Test.LoginTest -->
