<?xml version="1.0" encoding="UTF-8"?>
<!-- Generated by org.testng.reporters.JUnitReportReporter -->
<testsuite name="com.RedBus.Test.LoginTest" tests="1" time="162.160" ignored="0" failures="0" timestamp="10 Feb 2020 15:16:53 GMT" skipped="0" hostname="RAJAREDDY-PC" errors="0">
  <testcase name="test" time="162.160" classname="com.RedBus.Test.LoginTest"/>
</testsuite> <!-- com.RedBus.Test.LoginTest -->
